<?xml version="1.0" encoding="UTF-8"?>
<!-- Generated by org.testng.reporters.JUnitReportReporter -->
<testsuite hostname="DESKTOP-MVC5RA3" failures="0" tests="2" name="tesNGConcept.BingTest" time="2.522" errors="0" timestamp="2022-05-18T19:45:03 IST" skipped="0">
  <testcase classname="tesNGConcept.BingTest" name="pageTitleTest" time="2.508"/>
  <system-out/>
  <testcase classname="tesNGConcept.BingTest" name="urlTest" time="0.014"/>
  <system-out/>
</testsuite> <!-- tesNGConcept.BingTest -->
