<?xml version="1.0" encoding="UTF-8"?>
<!-- Generated by org.testng.reporters.JUnitReportReporter -->
<testsuite hostname="DESKTOP-MVC5RA3" failures="0" tests="2" name="tesNGConcept.GoogleTest" time="2.714" errors="0" timestamp="2022-05-18T19:45:03 IST" skipped="0">
  <testcase classname="tesNGConcept.GoogleTest" name="googleTitleTest" time="2.703"/>
  <system-out/>
  <testcase classname="tesNGConcept.GoogleTest" name="googleUrlTest" time="0.011"/>
  <system-out/>
</testsuite> <!-- tesNGConcept.GoogleTest -->
