<?xml version="1.0" encoding="UTF-8"?>
<!-- Generated by org.testng.reporters.JUnitReportReporter -->
<testsuite hostname="DESKTOP-MVC5RA3" failures="0" tests="5" name="seleniumSessions2.PriorityBasedTC" time="0.019" errors="0" timestamp="2022-05-17T21:29:59 IST" skipped="1">
  <testcase classname="seleniumSessions2.PriorityBasedTC" name="dTest" time="0.002"/>
  <system-out/>
  <testcase classname="seleniumSessions2.PriorityBasedTC" name="aTest" time="0.013"/>
  <system-out/>
  <testcase classname="seleniumSessions2.PriorityBasedTC" name="eTest" time="0.002"/>
  <system-out/>
  <testcase classname="seleniumSessions2.PriorityBasedTC" name="bTest" time="0.002"/>
  <system-out/>
  <testcase classname="seleniumSessions2.PriorityBasedTC" name="cTest">
    <skipped/>
  </testcase> <!-- cTest -->
  <system-out/>
</testsuite> <!-- seleniumSessions2.PriorityBasedTC -->
