<?xml version="1.0" encoding="UTF-8"?>
<!-- Generated by org.testng.reporters.JUnitReportReporter -->
<testsuite hostname="DESKTOP-MVC5RA3" failures="0" tests="2" name="tesNGConcept.OrangeHRMTest" time="3.823" errors="0" timestamp="2022-05-18T19:45:03 IST" skipped="0">
  <testcase classname="tesNGConcept.OrangeHRMTest" name="orangeTitleTest" time="3.807"/>
  <system-out/>
  <testcase classname="tesNGConcept.OrangeHRMTest" name="orangeUrlTest" time="0.016"/>
  <system-out/>
</testsuite> <!-- tesNGConcept.OrangeHRMTest -->
