<?xml version="1.0" encoding="UTF-8"?>
<!-- Generated by org.testng.reporters.JUnitReportReporter -->
<testsuite hostname="DESKTOP-MVC5RA3" failures="0" tests="3" name="testNGSessions.TestNGAnnotations" time="0.012" errors="0" timestamp="2022-05-14T15:38:52 IST" skipped="0">
  <testcase classname="testNGSessions.TestNGAnnotations" name="ahomePageUrl" time="0.008"/>
  <system-out/>
  <testcase classname="testNGSessions.TestNGAnnotations" name="isUserLoggedInTest" time="0.001"/>
  <system-out/>
  <testcase classname="testNGSessions.TestNGAnnotations" name="bhomePageTitle" time="0.003"/>
  <system-out/>
</testsuite> <!-- testNGSessions.TestNGAnnotations -->
