<?xml version="1.0" encoding="UTF-8"?>
<!-- Generated by org.testng.reporters.JUnitReportReporter -->
<testsuite hostname="DESKTOP-MVC5RA3" failures="0" tests="10" name="seleniumPractice2.InvocationCount" time="0.039" errors="0" timestamp="2022-05-17T23:09:14 IST" skipped="0">
  <testcase classname="seleniumPractice2.InvocationCount" name="createUserTest" time="0.002"/>
  <system-out/>
  <testcase classname="seleniumPractice2.InvocationCount" name="createUserTest" time="0.002"/>
  <system-out/>
  <testcase classname="seleniumPractice2.InvocationCount" name="createUserTest" time="0.002"/>
  <system-out/>
  <testcase classname="seleniumPractice2.InvocationCount" name="createUserTest" time="0.003"/>
  <system-out/>
  <testcase classname="seleniumPractice2.InvocationCount" name="createUserTest" time="0.004"/>
  <system-out/>
  <testcase classname="seleniumPractice2.InvocationCount" name="createUserTest" time="0.003"/>
  <system-out/>
  <testcase classname="seleniumPractice2.InvocationCount" name="createUserTest" time="0.001"/>
  <system-out/>
  <testcase classname="seleniumPractice2.InvocationCount" name="createUserTest" time="0.003"/>
  <system-out/>
  <testcase classname="seleniumPractice2.InvocationCount" name="createUserTest" time="0.013"/>
  <system-out/>
  <testcase classname="seleniumPractice2.InvocationCount" name="createUserTest" time="0.006"/>
  <system-out/>
</testsuite> <!-- seleniumPractice2.InvocationCount -->
